<?xml version="1.0" encoding="UTF-8"?>
<testsuite xmlns:xsi="http://www.w3.org/2001/XMLSchema-instance" xsi:noNamespaceSchemaLocation="https://maven.apache.org/surefire/maven-surefire-plugin/xsd/surefire-test-report-3.0.xsd" version="3.0" name="tn.esprit.user.UserServiceImplMockTest" time="1.266" tests="5" errors="0" skipped="0" failures="0">
  <properties>
[...]
</properties>
  <testcase name="testGetUserByID_UserExists" classname="tn.esprit.user.UserServiceImplMockTest" time="1.192"/>
  <testcase name="testDeleteUser_UserExists" classname="tn.esprit.user.UserServiceImplMockTest" time="0.013">
    <system-out><![CDATA[2024-11-06T09:21:11.568+01:00  INFO 7368 --- [           main] t.e.u.s.Implementations.UserService      : deleteUser :Deleting user test@example.com....
2024-11-06T09:21:11.569+01:00  INFO 7368 --- [           main] t.e.u.s.Implementations.UserService      : deleteUser :User Deleted!
]]></system-out>
  </testcase>
  <testcase name="testUpdateUserProfile" classname="tn.esprit.user.UserServiceImplMockTest" time="0.021">
    <system-out><![CDATA[2024-11-06T09:21:11.592+01:00  INFO 7368 --- [           main] t.e.u.s.Implementations.UserService      : updateUserProfile :Updating user test@example.com profile...
2024-11-06T09:21:11.593+01:00  INFO 7368 --- [           main] t.e.u.s.Implementations.UserService      : updateUserProfile :Setting name to NewName
2024-11-06T09:21:11.594+01:00  INFO 7368 --- [           main] t.e.u.s.Implementations.UserService      : updateUserProfile :Name set to NewName
2024-11-06T09:21:11.594+01:00  INFO 7368 --- [           main] t.e.u.s.Implementations.UserService      : updateUserProfile :Setting lastname to NewLastName
2024-11-06T09:21:11.594+01:00  INFO 7368 --- [           main] t.e.u.s.Implementations.UserService      : updateUserProfile :Lastname set to NewLastName
2024-11-06T09:21:11.595+01:00  INFO 7368 --- [           main] t.e.u.s.Implementations.UserService      : updateUserProfile :Profile Updated!
]]></system-out>
  </testcase>
  <testcase name="testGetUserByID_UserNotFound" classname="tn.esprit.user.UserServiceImplMockTest" time="0.01"/>
  <testcase name="testDeleteUser_UserNotFound" classname="tn.esprit.user.UserServiceImplMockTest" time="0.009">
    <system-out><![CDATA[2024-11-06T09:21:11.619+01:00  INFO 7368 --- [           main] t.e.u.s.Implementations.UserService      : deleteUser :Deleting user test@example.com....
]]></system-out>
  </testcase>
</testsuite>