<?xml version="1.0" encoding="UTF-8"?>
<testsuite xmlns:xsi="http://www.w3.org/2001/XMLSchema-instance" xsi:noNamespaceSchemaLocation="https://maven.apache.org/surefire/maven-surefire-plugin/xsd/surefire-test-report-3.0.xsd" version="3.0" name="com.courzelo.lms.services.user.DeviceMetadataServiceTest" time="0.424" tests="15" errors="0" skipped="0" failures="2">
  <properties>
[...]
</properties>
  <testcase name="saveDeviceDetailsSavesNewDevice" classname="com.courzelo.lms.services.user.DeviceMetadataServiceTest" time="0.071">
    <system-out><![CDATA[18:51:26.605 [main] INFO tn.esprit.user.services.Implementations.DeviceMetadataService -- Searching for Device...
18:51:26.605 [main] INFO tn.esprit.user.services.Implementations.DeviceMetadataService -- Device not found!
18:51:26.605 [main] INFO tn.esprit.user.services.Implementations.DeviceMetadataService -- Saving Device...
18:51:26.606 [main] INFO tn.esprit.user.services.Implementations.DeviceMetadataService -- Device : Test Device
18:51:26.606 [main] INFO tn.esprit.user.services.Implementations.DeviceMetadataService -- Device Saved!
]]></system-out>
  </testcase>
  <testcase name="getDevicesReturnsDeviceListWhenValidRequest" classname="com.courzelo.lms.services.user.DeviceMetadataServiceTest" time="0.062">
    <failure message="expected: &lt;1&gt; but was: &lt;0&gt;" type="org.opentest4j.AssertionFailedError"><![CDATA[org.opentest4j.AssertionFailedError: expected: <1> but was: <0>
	at org.junit.jupiter.api.AssertionFailureBuilder.build(AssertionFailureBuilder.java:151)
	at org.junit.jupiter.api.AssertionFailureBuilder.buildAndThrow(AssertionFailureBuilder.java:132)
	at org.junit.jupiter.api.AssertEquals.failNotEqual(AssertEquals.java:197)
	at org.junit.jupiter.api.AssertEquals.assertEquals(AssertEquals.java:150)
	at org.junit.jupiter.api.AssertEquals.assertEquals(AssertEquals.java:145)
	at org.junit.jupiter.api.Assertions.assertEquals(Assertions.java:531)
	at com.courzelo.lms.services.user.DeviceMetadataServiceTest.getDevicesReturnsDeviceListWhenValidRequest(DeviceMetadataServiceTest.java:169)
	at java.base/java.lang.reflect.Method.invoke(Method.java:568)
	at java.base/java.util.ArrayList.forEach(ArrayList.java:1511)
	at java.base/java.util.ArrayList.forEach(ArrayList.java:1511)
]]></failure>
    <system-out><![CDATA[18:51:26.637 [main] INFO tn.esprit.user.services.Implementations.DeviceMetadataService -- Getting Devices ...
18:51:26.656 [main] INFO tn.esprit.user.services.Implementations.DeviceMetadataService -- Total devices: 0
18:51:26.661 [main] INFO tn.esprit.user.services.Implementations.DeviceMetadataService -- Total pages: 0
18:51:26.662 [main] INFO tn.esprit.user.services.Implementations.DeviceMetadataService -- Devices in page 0: []
]]></system-out>
  </testcase>
  <testcase name="isNewDeviceReturnsFalseWhenDeviceExists" classname="com.courzelo.lms.services.user.DeviceMetadataServiceTest" time="0.004">
    <system-out><![CDATA[18:51:26.674 [main] INFO tn.esprit.user.services.Implementations.DeviceMetadataService -- Searching for Device...
18:51:26.674 [main] INFO tn.esprit.user.services.Implementations.DeviceMetadataService -- Device found!
]]></system-out>
  </testcase>
  <testcase name="updateDeviceLastLoginDoesNotUpdateDifferentDevice" classname="com.courzelo.lms.services.user.DeviceMetadataServiceTest" time="0.005">
    <system-out><![CDATA[18:51:26.680 [main] INFO tn.esprit.user.services.Implementations.DeviceMetadataService -- Searching for Device...
]]></system-out>
  </testcase>
  <testcase name="isNewDeviceReturnsTrueWhenDifferentDeviceExists" classname="com.courzelo.lms.services.user.DeviceMetadataServiceTest" time="0.011">
    <system-out><![CDATA[18:51:26.692 [main] INFO tn.esprit.user.services.Implementations.DeviceMetadataService -- Searching for Device...
18:51:26.693 [main] INFO tn.esprit.user.services.Implementations.DeviceMetadataService -- Device not found!
]]></system-out>
  </testcase>
  <testcase name="saveDeviceDetailsDoesNotSaveExistingDevice" classname="com.courzelo.lms.services.user.DeviceMetadataServiceTest" time="0.005">
    <system-out><![CDATA[18:51:26.706 [main] INFO tn.esprit.user.services.Implementations.DeviceMetadataService -- Searching for Device...
18:51:26.707 [main] INFO tn.esprit.user.services.Implementations.DeviceMetadataService -- Device found!
]]></system-out>
  </testcase>
  <testcase name="isNewDeviceReturnsTrueWhenDeviceDoesNotExist" classname="com.courzelo.lms.services.user.DeviceMetadataServiceTest" time="0.004">
    <system-out><![CDATA[18:51:26.711 [main] INFO tn.esprit.user.services.Implementations.DeviceMetadataService -- Searching for Device...
18:51:26.712 [main] INFO tn.esprit.user.services.Implementations.DeviceMetadataService -- Device not found!
]]></system-out>
  </testcase>
  <testcase name="getIpAddressFromHeaderReturnsNullWhenNoMatchingHeader" classname="com.courzelo.lms.services.user.DeviceMetadataServiceTest" time="0.177"/>
  <testcase name="getDevicesReturnsBadRequestWhenInvalidRequest" classname="com.courzelo.lms.services.user.DeviceMetadataServiceTest" time="0.002">
    <system-out><![CDATA[18:51:26.892 [main] INFO tn.esprit.user.services.Implementations.DeviceMetadataService -- Getting Devices ...
]]></system-out>
  </testcase>
  <testcase name="getIpAddressFromHeaderReturnsFirstNonEmptyHeader" classname="com.courzelo.lms.services.user.DeviceMetadataServiceTest" time="0.004"/>
  <testcase name="updateDeviceLastLoginDoesNotUpdateNonExistingDevice" classname="com.courzelo.lms.services.user.DeviceMetadataServiceTest" time="0.002">
    <system-out><![CDATA[18:51:26.900 [main] INFO tn.esprit.user.services.Implementations.DeviceMetadataService -- Searching for Device...
]]></system-out>
  </testcase>
  <testcase name="deleteDeviceReturnsBadRequestWhenDeviceNotFound" classname="com.courzelo.lms.services.user.DeviceMetadataServiceTest" time="0.01">
    <system-out><![CDATA[18:51:26.910 [main] INFO tn.esprit.user.services.Implementations.DeviceMetadataService -- Deleting Device...
]]></system-out>
  </testcase>
  <testcase name="getDevicesReturnsInternalServerErrorWhenExceptionThrown" classname="com.courzelo.lms.services.user.DeviceMetadataServiceTest" time="0.028">
    <failure message="expected: &lt;500 INTERNAL_SERVER_ERROR&gt; but was: &lt;200 OK&gt;" type="org.opentest4j.AssertionFailedError"><![CDATA[org.opentest4j.AssertionFailedError: expected: <500 INTERNAL_SERVER_ERROR> but was: <200 OK>
	at org.junit.jupiter.api.AssertionFailureBuilder.build(AssertionFailureBuilder.java:151)
	at org.junit.jupiter.api.AssertionFailureBuilder.buildAndThrow(AssertionFailureBuilder.java:132)
	at org.junit.jupiter.api.AssertEquals.failNotEqual(AssertEquals.java:197)
	at org.junit.jupiter.api.AssertEquals.assertEquals(AssertEquals.java:182)
	at org.junit.jupiter.api.AssertEquals.assertEquals(AssertEquals.java:177)
	at org.junit.jupiter.api.Assertions.assertEquals(Assertions.java:1145)
	at com.courzelo.lms.services.user.DeviceMetadataServiceTest.getDevicesReturnsInternalServerErrorWhenExceptionThrown(DeviceMetadataServiceTest.java:186)
	at java.base/java.lang.reflect.Method.invoke(Method.java:568)
	at java.base/java.util.ArrayList.forEach(ArrayList.java:1511)
	at java.base/java.util.ArrayList.forEach(ArrayList.java:1511)
]]></failure>
    <system-out><![CDATA[18:51:26.928 [main] INFO tn.esprit.user.services.Implementations.DeviceMetadataService -- Getting Devices ...
18:51:26.929 [main] INFO tn.esprit.user.services.Implementations.DeviceMetadataService -- Total devices: 0
18:51:26.929 [main] INFO tn.esprit.user.services.Implementations.DeviceMetadataService -- Total pages: 0
18:51:26.929 [main] INFO tn.esprit.user.services.Implementations.DeviceMetadataService -- Devices in page 0: []
]]></system-out>
  </testcase>
  <testcase name="deleteDeviceDeletesExistingDevice" classname="com.courzelo.lms.services.user.DeviceMetadataServiceTest" time="0.004">
    <system-out><![CDATA[18:51:26.949 [main] INFO tn.esprit.user.services.Implementations.DeviceMetadataService -- Deleting Device...
18:51:26.950 [main] INFO tn.esprit.user.services.Implementations.DeviceMetadataService -- Device deleted!
]]></system-out>
  </testcase>
  <testcase name="updateDeviceLastLoginUpdatesExistingDevice" classname="com.courzelo.lms.services.user.DeviceMetadataServiceTest" time="0.004">
    <system-out><![CDATA[18:51:26.955 [main] INFO tn.esprit.user.services.Implementations.DeviceMetadataService -- Searching for Device...
18:51:26.956 [main] INFO tn.esprit.user.services.Implementations.DeviceMetadataService -- Device updated!
]]></system-out>
  </testcase>
</testsuite>